<?xml version="1.0" encoding="UTF-8"?>
<!-- Generated by org.testng.reporters.JUnitXMLReporter -->
<testsuite ignored="0" hostname="Yeteendra" failures="0" tests="6" name="login page test" time="0.209" errors="0" timestamp="2024-02-18T23:02:13 IST">
  <testcase classname="com.selenium.automation.resorces.BaseTest" name="@BeforeSuite Beforesuit" time="0.066">
    <failure type="java.lang.Error" message="Unresolved compilation problem: 
	VERSION_2_3_29 cannot be resolved or is not a field
">
      <![CDATA[java.lang.Error: Unresolved compilation problem: 
VERSION_2_3_29 cannot be resolved or is not a field

at com.aventstack.extentreports.reporter.BasicFileReporter.start(BasicFileReporter.java:98)
at com.aventstack.extentreports.ReportObservable.register(ReportObservable.java:191)
at java.base/java.util.Spliterators$ArraySpliterator.forEachRemaining(Spliterators.java:1006)
at java.base/java.util.stream.ReferencePipeline$Head.forEach(ReferencePipeline.java:762)
at com.aventstack.extentreports.ExtentReports.attachReporter(ExtentReports.java:82)
at com.selenium.automation.resorces.BaseTest.Beforesuit(BaseTest.java:39)
... Removed 17 stack frames]]>
    </failure>
  </testcase> <!-- @BeforeSuite Beforesuit -->
  <testcase classname="com.selenium.automation.resorces.BaseTest" name="@BeforeTest launch_application" time="0.0">
    <skipped/>
  </testcase> <!-- @BeforeTest launch_application -->
  <testcase classname="com.selenium.automation.application_login_test" name="@BeforeMethod basicSetup" time="0.0">
    <skipped/>
  </testcase> <!-- @BeforeMethod basicSetup -->
  <testcase classname="com.selenium.automation.application_login_test" name="@AfterMethod tearDown" time="0.0">
    <skipped/>
  </testcase> <!-- @AfterMethod tearDown -->
  <testcase classname="com.selenium.automation.application_login_test" name="@BeforeMethod basicSetup" time="0.0">
    <skipped/>
  </testcase> <!-- @BeforeMethod basicSetup -->
  <testcase classname="com.selenium.automation.application_login_test" name="@AfterMethod tearDown" time="0.0">
    <skipped/>
  </testcase> <!-- @AfterMethod tearDown -->
  <testcase classname="com.selenium.automation.application_login_test" name="@BeforeMethod basicSetup" time="0.0">
    <skipped/>
  </testcase> <!-- @BeforeMethod basicSetup -->
  <testcase classname="com.selenium.automation.application_login_test" name="@AfterMethod tearDown" time="0.0">
    <skipped/>
  </testcase> <!-- @AfterMethod tearDown -->
  <testcase classname="com.selenium.automation.application_login_test" name="@BeforeMethod basicSetup" time="0.0">
    <skipped/>
  </testcase> <!-- @BeforeMethod basicSetup -->
  <testcase classname="com.selenium.automation.application_login_test" name="@AfterMethod tearDown" time="0.0">
    <skipped/>
  </testcase> <!-- @AfterMethod tearDown -->
  <testcase classname="com.selenium.automation.application_login_test" name="@BeforeMethod basicSetup" time="0.0">
    <skipped/>
  </testcase> <!-- @BeforeMethod basicSetup -->
  <testcase classname="com.selenium.automation.application_login_test" name="@AfterMethod tearDown" time="0.0">
    <skipped/>
  </testcase> <!-- @AfterMethod tearDown -->
  <testcase classname="com.selenium.automation.application_login_test" name="@BeforeMethod basicSetup" time="0.0">
    <skipped/>
  </testcase> <!-- @BeforeMethod basicSetup -->
  <testcase classname="com.selenium.automation.application_login_test" name="@AfterMethod tearDown" time="0.0">
    <skipped/>
  </testcase> <!-- @AfterMethod tearDown -->
  <testcase classname="com.selenium.automation.application_login_test" name="login_page_url_test" time="0.0">
    <skipped/>
  </testcase> <!-- login_page_url_test -->
  <testcase classname="com.selenium.automation.application_login_test" name="login_page_tile_test" time="0.0">
    <skipped/>
  </testcase> <!-- login_page_tile_test -->
  <testcase classname="com.selenium.automation.application_login_test" name="login_with_invalid_password" time="0.0">
    <skipped/>
  </testcase> <!-- login_with_invalid_password -->
  <testcase classname="com.selenium.automation.application_login_test" name="log_in_with_invalid_credentials" time="0.0">
    <skipped/>
  </testcase> <!-- log_in_with_invalid_credentials -->
  <testcase classname="com.selenium.automation.application_login_test" name="login_with_blank_username_and_password" time="0.001">
    <skipped/>
  </testcase> <!-- login_with_blank_username_and_password -->
  <testcase classname="com.selenium.automation.application_login_test" name="sign_in_withCredential" time="0.0">
    <skipped/>
  </testcase> <!-- sign_in_withCredential -->
</testsuite> <!-- login page test -->
