<?xml version="1.0" encoding="UTF-8"?>
<!-- Generated by org.testng.reporters.JUnitXMLReporter -->
<testsuite ignored="0" hostname="Yeteendra" failures="0" tests="17" name="shop page test" time="3.559" errors="0" timestamp="2024-03-03T14:40:36 IST">
  <testcase classname="com.selenium.automation.Shop_page_test" name="shop_page_url_test" time="0.0">
    <skipped/>
  </testcase> <!-- shop_page_url_test -->
  <testcase classname="com.selenium.automation.Shop_page_test" name="drop_down_test" time="0.0">
    <skipped/>
  </testcase> <!-- drop_down_test -->
  <testcase classname="com.selenium.automation.Shop_page_test" name="blue_suite_original_price_test" time="0.0">
    <skipped/>
  </testcase> <!-- blue_suite_original_price_test -->
  <testcase classname="com.selenium.automation.Shop_page_test" name="blue_suite_discounted_price_test" time="0.0">
    <skipped/>
  </testcase> <!-- blue_suite_discounted_price_test -->
  <testcase classname="com.selenium.automation.Shop_page_test" name="blue_suite_name_test" time="0.001">
    <skipped/>
  </testcase> <!-- blue_suite_name_test -->
  <testcase classname="com.selenium.automation.Shop_page_test" name="ring_original_price_test" time="0.0">
    <skipped/>
  </testcase> <!-- ring_original_price_test -->
  <testcase classname="com.selenium.automation.Shop_page_test" name="ring_discounted_price_test" time="0.0">
    <skipped/>
  </testcase> <!-- ring_discounted_price_test -->
  <testcase classname="com.selenium.automation.Shop_page_test" name="ring_name_test" time="0.0">
    <skipped/>
  </testcase> <!-- ring_name_test -->
  <testcase classname="com.selenium.automation.Shop_page_test" name="shoes_original_price_test" time="0.0">
    <skipped/>
  </testcase> <!-- shoes_original_price_test -->
  <testcase classname="com.selenium.automation.Shop_page_test" name="discounted_price_of_the_shoes" time="0.0">
    <skipped/>
  </testcase> <!-- discounted_price_of_the_shoes -->
  <testcase classname="com.selenium.automation.Shop_page_test" name="shoes_name_test" time="0.0">
    <skipped/>
  </testcase> <!-- shoes_name_test -->
  <testcase classname="com.selenium.automation.Shop_page_test" name="bracelet_original_price_test" time="0.001">
    <skipped/>
  </testcase> <!-- bracelet_original_price_test -->
  <testcase classname="com.selenium.automation.Shop_page_test" name="bracelet_discounted_price_test" time="0.0">
    <skipped/>
  </testcase> <!-- bracelet_discounted_price_test -->
  <testcase classname="com.selenium.automation.Shop_page_test" name="bravelet_name_test" time="0.0">
    <skipped/>
  </testcase> <!-- bravelet_name_test -->
  <testcase classname="com.selenium.automation.Shop_page_test" name="original_watch_price_test" time="0.0">
    <skipped/>
  </testcase> <!-- original_watch_price_test -->
  <testcase classname="com.selenium.automation.Shop_page_test" name="discounted_watch_price" time="0.001">
    <skipped/>
  </testcase> <!-- discounted_watch_price -->
  <testcase classname="com.selenium.automation.Shop_page_test" name="watch_name_test" time="0.0">
    <skipped/>
  </testcase> <!-- watch_name_test -->
</testsuite> <!-- shop page test -->
